<?xml version="1.0" encoding="UTF-8"?>
<testsuite xmlns:xsi="http://www.w3.org/2001/XMLSchema-instance" xsi:noNamespaceSchemaLocation="https://maven.apache.org/surefire/maven-surefire-plugin/xsd/surefire-test-report.xsd" name="HdfsTest" time="4.058" tests="3" errors="0" skipped="0" failures="0">
  <properties>
    <property name="sun.desktop" value="windows"/>
    <property name="awt.toolkit" value="sun.awt.windows.WToolkit"/>
    <property name="java.specification.version" value="11"/>
    <property name="sun.cpu.isalist" value="amd64"/>
    <property name="sun.jnu.encoding" value="GBK"/>
    <property name="java.class.path" value="F:\workspace\DistributedMicroservices\bird-research\bird-hadoop\target\test-classes;F:\workspace\DistributedMicroservices\bird-research\bird-hadoop\target\classes;E:\maven_repository\org\springframework\boot\spring-boot-starter-web\2.3.10.RELEASE\spring-boot-starter-web-2.3.10.RELEASE.jar;E:\maven_repository\org\springframework\boot\spring-boot-starter\2.3.10.RELEASE\spring-boot-starter-2.3.10.RELEASE.jar;E:\maven_repository\org\springframework\boot\spring-boot\2.3.10.RELEASE\spring-boot-2.3.10.RELEASE.jar;E:\maven_repository\org\springframework\boot\spring-boot-autoconfigure\2.3.10.RELEASE\spring-boot-autoconfigure-2.3.10.RELEASE.jar;E:\maven_repository\jakarta\annotation\jakarta.annotation-api\1.3.5\jakarta.annotation-api-1.3.5.jar;E:\maven_repository\org\yaml\snakeyaml\1.26\snakeyaml-1.26.jar;E:\maven_repository\org\springframework\boot\spring-boot-starter-json\2.3.10.RELEASE\spring-boot-starter-json-2.3.10.RELEASE.jar;E:\maven_repository\com\fasterxml\jackson\core\jackson-databind\2.11.4\jackson-databind-2.11.4.jar;E:\maven_repository\com\fasterxml\jackson\core\jackson-core\2.11.4\jackson-core-2.11.4.jar;E:\maven_repository\com\fasterxml\jackson\datatype\jackson-datatype-jdk8\2.11.4\jackson-datatype-jdk8-2.11.4.jar;E:\maven_repository\com\fasterxml\jackson\datatype\jackson-datatype-jsr310\2.11.4\jackson-datatype-jsr310-2.11.4.jar;E:\maven_repository\com\fasterxml\jackson\module\jackson-module-parameter-names\2.11.4\jackson-module-parameter-names-2.11.4.jar;E:\maven_repository\org\springframework\boot\spring-boot-starter-tomcat\2.3.10.RELEASE\spring-boot-starter-tomcat-2.3.10.RELEASE.jar;E:\maven_repository\org\apache\tomcat\embed\tomcat-embed-core\9.0.45\tomcat-embed-core-9.0.45.jar;E:\maven_repository\org\glassfish\jakarta.el\3.0.3\jakarta.el-3.0.3.jar;E:\maven_repository\org\apache\tomcat\embed\tomcat-embed-websocket\9.0.45\tomcat-embed-websocket-9.0.45.jar;E:\maven_repository\org\springframework\spring-web\5.2.14.RELEASE\spring-web-5.2.14.RELEASE.jar;E:\maven_repository\org\springframework\spring-beans\5.2.14.RELEASE\spring-beans-5.2.14.RELEASE.jar;E:\maven_repository\org\springframework\spring-webmvc\5.2.14.RELEASE\spring-webmvc-5.2.14.RELEASE.jar;E:\maven_repository\org\springframework\spring-aop\5.2.14.RELEASE\spring-aop-5.2.14.RELEASE.jar;E:\maven_repository\org\springframework\spring-context\5.2.14.RELEASE\spring-context-5.2.14.RELEASE.jar;E:\maven_repository\org\springframework\spring-expression\5.2.14.RELEASE\spring-expression-5.2.14.RELEASE.jar;E:\maven_repository\org\springframework\boot\spring-boot-starter-test\2.3.10.RELEASE\spring-boot-starter-test-2.3.10.RELEASE.jar;E:\maven_repository\org\springframework\boot\spring-boot-test\2.3.10.RELEASE\spring-boot-test-2.3.10.RELEASE.jar;E:\maven_repository\org\springframework\boot\spring-boot-test-autoconfigure\2.3.10.RELEASE\spring-boot-test-autoconfigure-2.3.10.RELEASE.jar;E:\maven_repository\com\jayway\jsonpath\json-path\2.4.0\json-path-2.4.0.jar;E:\maven_repository\net\minidev\json-smart\2.3\json-smart-2.3.jar;E:\maven_repository\net\minidev\accessors-smart\1.2\accessors-smart-1.2.jar;E:\maven_repository\org\ow2\asm\asm\5.0.4\asm-5.0.4.jar;E:\maven_repository\org\slf4j\slf4j-api\1.7.30\slf4j-api-1.7.30.jar;E:\maven_repository\jakarta\xml\bind\jakarta.xml.bind-api\2.3.3\jakarta.xml.bind-api-2.3.3.jar;E:\maven_repository\jakarta\activation\jakarta.activation-api\1.2.2\jakarta.activation-api-1.2.2.jar;E:\maven_repository\org\assertj\assertj-core\3.16.1\assertj-core-3.16.1.jar;E:\maven_repository\org\hamcrest\hamcrest\2.2\hamcrest-2.2.jar;E:\maven_repository\org\junit\jupiter\junit-jupiter\5.6.3\junit-jupiter-5.6.3.jar;E:\maven_repository\org\junit\jupiter\junit-jupiter-api\5.6.3\junit-jupiter-api-5.6.3.jar;E:\maven_repository\org\opentest4j\opentest4j\1.2.0\opentest4j-1.2.0.jar;E:\maven_repository\org\junit\platform\junit-platform-commons\1.6.3\junit-platform-commons-1.6.3.jar;E:\maven_repository\org\junit\jupiter\junit-jupiter-params\5.6.3\junit-jupiter-params-5.6.3.jar;E:\maven_repository\org\junit\jupiter\junit-jupiter-engine\5.6.3\junit-jupiter-engine-5.6.3.jar;E:\maven_repository\org\junit\vintage\junit-vintage-engine\5.6.3\junit-vintage-engine-5.6.3.jar;E:\maven_repository\org\apiguardian\apiguardian-api\1.1.0\apiguardian-api-1.1.0.jar;E:\maven_repository\org\junit\platform\junit-platform-engine\1.6.3\junit-platform-engine-1.6.3.jar;E:\maven_repository\junit\junit\4.13.2\junit-4.13.2.jar;E:\maven_repository\org\mockito\mockito-core\3.3.3\mockito-core-3.3.3.jar;E:\maven_repository\net\bytebuddy\byte-buddy\1.10.22\byte-buddy-1.10.22.jar;E:\maven_repository\net\bytebuddy\byte-buddy-agent\1.10.22\byte-buddy-agent-1.10.22.jar;E:\maven_repository\org\objenesis\objenesis\2.6\objenesis-2.6.jar;E:\maven_repository\org\mockito\mockito-junit-jupiter\3.3.3\mockito-junit-jupiter-3.3.3.jar;E:\maven_repository\org\skyscreamer\jsonassert\1.5.0\jsonassert-1.5.0.jar;E:\maven_repository\com\vaadin\external\google\android-json\0.0.20131108.vaadin1\android-json-0.0.20131108.vaadin1.jar;E:\maven_repository\org\springframework\spring-core\5.2.14.RELEASE\spring-core-5.2.14.RELEASE.jar;E:\maven_repository\org\springframework\spring-jcl\5.2.14.RELEASE\spring-jcl-5.2.14.RELEASE.jar;E:\maven_repository\org\springframework\spring-test\5.2.14.RELEASE\spring-test-5.2.14.RELEASE.jar;E:\maven_repository\org\xmlunit\xmlunit-core\2.7.0\xmlunit-core-2.7.0.jar;E:\maven_repository\org\apache\hadoop\hadoop-client\3.1.3\hadoop-client-3.1.3.jar;E:\maven_repository\org\apache\hadoop\hadoop-common\3.1.3\hadoop-common-3.1.3.jar;E:\maven_repository\com\google\guava\guava\27.0-jre\guava-27.0-jre.jar;E:\maven_repository\com\google\guava\failureaccess\1.0\failureaccess-1.0.jar;E:\maven_repository\com\google\guava\listenablefuture\9999.0-empty-to-avoid-conflict-with-guava\listenablefuture-9999.0-empty-to-avoid-conflict-with-guava.jar;E:\maven_repository\org\checkerframework\checker-qual\2.5.2\checker-qual-2.5.2.jar;E:\maven_repository\com\google\errorprone\error_prone_annotations\2.2.0\error_prone_annotations-2.2.0.jar;E:\maven_repository\com\google\j2objc\j2objc-annotations\1.1\j2objc-annotations-1.1.jar;E:\maven_repository\org\codehaus\mojo\animal-sniffer-annotations\1.17\animal-sniffer-annotations-1.17.jar;E:\maven_repository\commons-cli\commons-cli\1.2\commons-cli-1.2.jar;E:\maven_repository\org\apache\commons\commons-math3\3.1.1\commons-math3-3.1.1.jar;E:\maven_repository\org\apache\httpcomponents\httpclient\4.5.13\httpclient-4.5.13.jar;E:\maven_repository\org\apache\httpcomponents\httpcore\4.4.14\httpcore-4.4.14.jar;E:\maven_repository\commons-codec\commons-codec\1.14\commons-codec-1.14.jar;E:\maven_repository\commons-io\commons-io\2.5\commons-io-2.5.jar;E:\maven_repository\commons-net\commons-net\3.6\commons-net-3.6.jar;E:\maven_repository\commons-collections\commons-collections\3.2.2\commons-collections-3.2.2.jar;E:\maven_repository\org\eclipse\jetty\jetty-servlet\9.4.39.v20210325\jetty-servlet-9.4.39.v20210325.jar;E:\maven_repository\org\eclipse\jetty\jetty-security\9.4.39.v20210325\jetty-security-9.4.39.v20210325.jar;E:\maven_repository\org\eclipse\jetty\jetty-util-ajax\9.4.39.v20210325\jetty-util-ajax-9.4.39.v20210325.jar;E:\maven_repository\org\eclipse\jetty\jetty-webapp\9.4.39.v20210325\jetty-webapp-9.4.39.v20210325.jar;E:\maven_repository\org\eclipse\jetty\jetty-xml\9.4.39.v20210325\jetty-xml-9.4.39.v20210325.jar;E:\maven_repository\javax\servlet\jsp\jsp-api\2.1\jsp-api-2.1.jar;E:\maven_repository\com\sun\jersey\jersey-servlet\1.19\jersey-servlet-1.19.jar;E:\maven_repository\commons-logging\commons-logging\1.1.3\commons-logging-1.1.3.jar;E:\maven_repository\log4j\log4j\1.2.17\log4j-1.2.17.jar;E:\maven_repository\commons-lang\commons-lang\2.6\commons-lang-2.6.jar;E:\maven_repository\commons-beanutils\commons-beanutils\1.9.3\commons-beanutils-1.9.3.jar;E:\maven_repository\org\apache\commons\commons-configuration2\2.1.1\commons-configuration2-2.1.1.jar;E:\maven_repository\org\apache\commons\commons-lang3\3.10\commons-lang3-3.10.jar;E:\maven_repository\org\apache\avro\avro\1.7.7\avro-1.7.7.jar;E:\maven_repository\org\codehaus\jackson\jackson-core-asl\1.9.13\jackson-core-asl-1.9.13.jar;E:\maven_repository\org\codehaus\jackson\jackson-mapper-asl\1.9.13\jackson-mapper-asl-1.9.13.jar;E:\maven_repository\com\thoughtworks\paranamer\paranamer\2.3\paranamer-2.3.jar;E:\maven_repository\org\xerial\snappy\snappy-java\1.0.5\snappy-java-1.0.5.jar;E:\maven_repository\com\google\re2j\re2j\1.1\re2j-1.1.jar;E:\maven_repository\com\google\protobuf\protobuf-java\2.5.0\protobuf-java-2.5.0.jar;E:\maven_repository\com\google\code\gson\gson\2.8.6\gson-2.8.6.jar;E:\maven_repository\org\apache\hadoop\hadoop-auth\3.1.3\hadoop-auth-3.1.3.jar;E:\maven_repository\com\nimbusds\nimbus-jose-jwt\8.19\nimbus-jose-jwt-8.19.jar;E:\maven_repository\com\github\stephenc\jcip\jcip-annotations\1.0-1\jcip-annotations-1.0-1.jar;E:\maven_repository\org\apache\curator\curator-framework\2.13.0\curator-framework-2.13.0.jar;E:\maven_repository\org\apache\curator\curator-client\2.13.0\curator-client-2.13.0.jar;E:\maven_repository\org\apache\curator\curator-recipes\2.13.0\curator-recipes-2.13.0.jar;E:\maven_repository\com\google\code\findbugs\jsr305\3.0.0\jsr305-3.0.0.jar;E:\maven_repository\org\apache\htrace\htrace-core4\4.1.0-incubating\htrace-core4-4.1.0-incubating.jar;E:\maven_repository\org\apache\commons\commons-compress\1.18\commons-compress-1.18.jar;E:\maven_repository\org\apache\kerby\kerb-simplekdc\1.0.1\kerb-simplekdc-1.0.1.jar;E:\maven_repository\org\apache\kerby\kerb-client\1.0.1\kerb-client-1.0.1.jar;E:\maven_repository\org\apache\kerby\kerby-config\1.0.1\kerby-config-1.0.1.jar;E:\maven_repository\org\apache\kerby\kerb-core\1.0.1\kerb-core-1.0.1.jar;E:\maven_repository\org\apache\kerby\kerby-pkix\1.0.1\kerby-pkix-1.0.1.jar;E:\maven_repository\org\apache\kerby\kerby-asn1\1.0.1\kerby-asn1-1.0.1.jar;E:\maven_repository\org\apache\kerby\kerby-util\1.0.1\kerby-util-1.0.1.jar;E:\maven_repository\org\apache\kerby\kerb-common\1.0.1\kerb-common-1.0.1.jar;E:\maven_repository\org\apache\kerby\kerb-crypto\1.0.1\kerb-crypto-1.0.1.jar;E:\maven_repository\org\apache\kerby\kerb-util\1.0.1\kerb-util-1.0.1.jar;E:\maven_repository\org\apache\kerby\token-provider\1.0.1\token-provider-1.0.1.jar;E:\maven_repository\org\apache\kerby\kerb-admin\1.0.1\kerb-admin-1.0.1.jar;E:\maven_repository\org\apache\kerby\kerb-server\1.0.1\kerb-server-1.0.1.jar;E:\maven_repository\org\apache\kerby\kerb-identity\1.0.1\kerb-identity-1.0.1.jar;E:\maven_repository\org\apache\kerby\kerby-xdr\1.0.1\kerby-xdr-1.0.1.jar;E:\maven_repository\org\codehaus\woodstox\stax2-api\3.1.4\stax2-api-3.1.4.jar;E:\maven_repository\com\fasterxml\woodstox\woodstox-core\5.0.3\woodstox-core-5.0.3.jar;E:\maven_repository\org\apache\hadoop\hadoop-hdfs-client\3.1.3\hadoop-hdfs-client-3.1.3.jar;E:\maven_repository\com\squareup\okhttp\okhttp\2.7.5\okhttp-2.7.5.jar;E:\maven_repository\com\squareup\okio\okio\1.6.0\okio-1.6.0.jar;E:\maven_repository\com\fasterxml\jackson\core\jackson-annotations\2.11.4\jackson-annotations-2.11.4.jar;E:\maven_repository\org\apache\hadoop\hadoop-yarn-api\3.1.3\hadoop-yarn-api-3.1.3.jar;E:\maven_repository\javax\xml\bind\jaxb-api\2.3.1\jaxb-api-2.3.1.jar;E:\maven_repository\javax\activation\javax.activation-api\1.2.0\javax.activation-api-1.2.0.jar;E:\maven_repository\org\apache\hadoop\hadoop-yarn-client\3.1.3\hadoop-yarn-client-3.1.3.jar;E:\maven_repository\org\apache\hadoop\hadoop-mapreduce-client-core\3.1.3\hadoop-mapreduce-client-core-3.1.3.jar;E:\maven_repository\org\apache\hadoop\hadoop-yarn-common\3.1.3\hadoop-yarn-common-3.1.3.jar;E:\maven_repository\javax\servlet\javax.servlet-api\4.0.1\javax.servlet-api-4.0.1.jar;E:\maven_repository\org\eclipse\jetty\jetty-util\9.4.39.v20210325\jetty-util-9.4.39.v20210325.jar;E:\maven_repository\com\sun\jersey\jersey-core\1.19\jersey-core-1.19.jar;E:\maven_repository\javax\ws\rs\jsr311-api\1.1.1\jsr311-api-1.1.1.jar;E:\maven_repository\com\sun\jersey\jersey-client\1.19\jersey-client-1.19.jar;E:\maven_repository\com\fasterxml\jackson\module\jackson-module-jaxb-annotations\2.11.4\jackson-module-jaxb-annotations-2.11.4.jar;E:\maven_repository\com\fasterxml\jackson\jaxrs\jackson-jaxrs-json-provider\2.11.4\jackson-jaxrs-json-provider-2.11.4.jar;E:\maven_repository\com\fasterxml\jackson\jaxrs\jackson-jaxrs-base\2.11.4\jackson-jaxrs-base-2.11.4.jar;E:\maven_repository\org\apache\hadoop\hadoop-mapreduce-client-jobclient\3.1.3\hadoop-mapreduce-client-jobclient-3.1.3.jar;E:\maven_repository\org\apache\hadoop\hadoop-mapreduce-client-common\3.1.3\hadoop-mapreduce-client-common-3.1.3.jar;E:\maven_repository\org\apache\hadoop\hadoop-annotations\3.1.3\hadoop-annotations-3.1.3.jar;E:\maven_repository\org\projectlombok\lombok\1.18.20\lombok-1.18.20.jar;"/>
    <property name="java.vm.vendor" value="Oracle Corporation"/>
    <property name="sun.arch.data.model" value="64"/>
    <property name="user.variant" value=""/>
    <property name="java.vendor.url" value="http://java.oracle.com/"/>
    <property name="user.timezone" value="Asia/Shanghai"/>
    <property name="java.vm.specification.version" value="11"/>
    <property name="os.name" value="Windows 10"/>
    <property name="sun.java.launcher" value="SUN_STANDARD"/>
    <property name="user.country" value="CN"/>
    <property name="sun.boot.library.path" value="D:\JDK\bin"/>
    <property name="sun.java.command" value="C:\Users\86152\AppData\Local\Temp\surefire4989670662242500319\surefirebooter14966706334809152588.jar C:\Users\86152\AppData\Local\Temp\surefire4989670662242500319 2021-06-23T16-48-42_061-jvmRun1 surefire6466522932439803762tmp surefire_08082366752784805632tmp"/>
    <property name="jdk.debug" value="release"/>
    <property name="surefire.test.class.path" value="F:\workspace\DistributedMicroservices\bird-research\bird-hadoop\target\test-classes;F:\workspace\DistributedMicroservices\bird-research\bird-hadoop\target\classes;E:\maven_repository\org\springframework\boot\spring-boot-starter-web\2.3.10.RELEASE\spring-boot-starter-web-2.3.10.RELEASE.jar;E:\maven_repository\org\springframework\boot\spring-boot-starter\2.3.10.RELEASE\spring-boot-starter-2.3.10.RELEASE.jar;E:\maven_repository\org\springframework\boot\spring-boot\2.3.10.RELEASE\spring-boot-2.3.10.RELEASE.jar;E:\maven_repository\org\springframework\boot\spring-boot-autoconfigure\2.3.10.RELEASE\spring-boot-autoconfigure-2.3.10.RELEASE.jar;E:\maven_repository\jakarta\annotation\jakarta.annotation-api\1.3.5\jakarta.annotation-api-1.3.5.jar;E:\maven_repository\org\yaml\snakeyaml\1.26\snakeyaml-1.26.jar;E:\maven_repository\org\springframework\boot\spring-boot-starter-json\2.3.10.RELEASE\spring-boot-starter-json-2.3.10.RELEASE.jar;E:\maven_repository\com\fasterxml\jackson\core\jackson-databind\2.11.4\jackson-databind-2.11.4.jar;E:\maven_repository\com\fasterxml\jackson\core\jackson-core\2.11.4\jackson-core-2.11.4.jar;E:\maven_repository\com\fasterxml\jackson\datatype\jackson-datatype-jdk8\2.11.4\jackson-datatype-jdk8-2.11.4.jar;E:\maven_repository\com\fasterxml\jackson\datatype\jackson-datatype-jsr310\2.11.4\jackson-datatype-jsr310-2.11.4.jar;E:\maven_repository\com\fasterxml\jackson\module\jackson-module-parameter-names\2.11.4\jackson-module-parameter-names-2.11.4.jar;E:\maven_repository\org\springframework\boot\spring-boot-starter-tomcat\2.3.10.RELEASE\spring-boot-starter-tomcat-2.3.10.RELEASE.jar;E:\maven_repository\org\apache\tomcat\embed\tomcat-embed-core\9.0.45\tomcat-embed-core-9.0.45.jar;E:\maven_repository\org\glassfish\jakarta.el\3.0.3\jakarta.el-3.0.3.jar;E:\maven_repository\org\apache\tomcat\embed\tomcat-embed-websocket\9.0.45\tomcat-embed-websocket-9.0.45.jar;E:\maven_repository\org\springframework\spring-web\5.2.14.RELEASE\spring-web-5.2.14.RELEASE.jar;E:\maven_repository\org\springframework\spring-beans\5.2.14.RELEASE\spring-beans-5.2.14.RELEASE.jar;E:\maven_repository\org\springframework\spring-webmvc\5.2.14.RELEASE\spring-webmvc-5.2.14.RELEASE.jar;E:\maven_repository\org\springframework\spring-aop\5.2.14.RELEASE\spring-aop-5.2.14.RELEASE.jar;E:\maven_repository\org\springframework\spring-context\5.2.14.RELEASE\spring-context-5.2.14.RELEASE.jar;E:\maven_repository\org\springframework\spring-expression\5.2.14.RELEASE\spring-expression-5.2.14.RELEASE.jar;E:\maven_repository\org\springframework\boot\spring-boot-starter-test\2.3.10.RELEASE\spring-boot-starter-test-2.3.10.RELEASE.jar;E:\maven_repository\org\springframework\boot\spring-boot-test\2.3.10.RELEASE\spring-boot-test-2.3.10.RELEASE.jar;E:\maven_repository\org\springframework\boot\spring-boot-test-autoconfigure\2.3.10.RELEASE\spring-boot-test-autoconfigure-2.3.10.RELEASE.jar;E:\maven_repository\com\jayway\jsonpath\json-path\2.4.0\json-path-2.4.0.jar;E:\maven_repository\net\minidev\json-smart\2.3\json-smart-2.3.jar;E:\maven_repository\net\minidev\accessors-smart\1.2\accessors-smart-1.2.jar;E:\maven_repository\org\ow2\asm\asm\5.0.4\asm-5.0.4.jar;E:\maven_repository\org\slf4j\slf4j-api\1.7.30\slf4j-api-1.7.30.jar;E:\maven_repository\jakarta\xml\bind\jakarta.xml.bind-api\2.3.3\jakarta.xml.bind-api-2.3.3.jar;E:\maven_repository\jakarta\activation\jakarta.activation-api\1.2.2\jakarta.activation-api-1.2.2.jar;E:\maven_repository\org\assertj\assertj-core\3.16.1\assertj-core-3.16.1.jar;E:\maven_repository\org\hamcrest\hamcrest\2.2\hamcrest-2.2.jar;E:\maven_repository\org\junit\jupiter\junit-jupiter\5.6.3\junit-jupiter-5.6.3.jar;E:\maven_repository\org\junit\jupiter\junit-jupiter-api\5.6.3\junit-jupiter-api-5.6.3.jar;E:\maven_repository\org\opentest4j\opentest4j\1.2.0\opentest4j-1.2.0.jar;E:\maven_repository\org\junit\platform\junit-platform-commons\1.6.3\junit-platform-commons-1.6.3.jar;E:\maven_repository\org\junit\jupiter\junit-jupiter-params\5.6.3\junit-jupiter-params-5.6.3.jar;E:\maven_repository\org\junit\jupiter\junit-jupiter-engine\5.6.3\junit-jupiter-engine-5.6.3.jar;E:\maven_repository\org\junit\vintage\junit-vintage-engine\5.6.3\junit-vintage-engine-5.6.3.jar;E:\maven_repository\org\apiguardian\apiguardian-api\1.1.0\apiguardian-api-1.1.0.jar;E:\maven_repository\org\junit\platform\junit-platform-engine\1.6.3\junit-platform-engine-1.6.3.jar;E:\maven_repository\junit\junit\4.13.2\junit-4.13.2.jar;E:\maven_repository\org\mockito\mockito-core\3.3.3\mockito-core-3.3.3.jar;E:\maven_repository\net\bytebuddy\byte-buddy\1.10.22\byte-buddy-1.10.22.jar;E:\maven_repository\net\bytebuddy\byte-buddy-agent\1.10.22\byte-buddy-agent-1.10.22.jar;E:\maven_repository\org\objenesis\objenesis\2.6\objenesis-2.6.jar;E:\maven_repository\org\mockito\mockito-junit-jupiter\3.3.3\mockito-junit-jupiter-3.3.3.jar;E:\maven_repository\org\skyscreamer\jsonassert\1.5.0\jsonassert-1.5.0.jar;E:\maven_repository\com\vaadin\external\google\android-json\0.0.20131108.vaadin1\android-json-0.0.20131108.vaadin1.jar;E:\maven_repository\org\springframework\spring-core\5.2.14.RELEASE\spring-core-5.2.14.RELEASE.jar;E:\maven_repository\org\springframework\spring-jcl\5.2.14.RELEASE\spring-jcl-5.2.14.RELEASE.jar;E:\maven_repository\org\springframework\spring-test\5.2.14.RELEASE\spring-test-5.2.14.RELEASE.jar;E:\maven_repository\org\xmlunit\xmlunit-core\2.7.0\xmlunit-core-2.7.0.jar;E:\maven_repository\org\apache\hadoop\hadoop-client\3.1.3\hadoop-client-3.1.3.jar;E:\maven_repository\org\apache\hadoop\hadoop-common\3.1.3\hadoop-common-3.1.3.jar;E:\maven_repository\com\google\guava\guava\27.0-jre\guava-27.0-jre.jar;E:\maven_repository\com\google\guava\failureaccess\1.0\failureaccess-1.0.jar;E:\maven_repository\com\google\guava\listenablefuture\9999.0-empty-to-avoid-conflict-with-guava\listenablefuture-9999.0-empty-to-avoid-conflict-with-guava.jar;E:\maven_repository\org\checkerframework\checker-qual\2.5.2\checker-qual-2.5.2.jar;E:\maven_repository\com\google\errorprone\error_prone_annotations\2.2.0\error_prone_annotations-2.2.0.jar;E:\maven_repository\com\google\j2objc\j2objc-annotations\1.1\j2objc-annotations-1.1.jar;E:\maven_repository\org\codehaus\mojo\animal-sniffer-annotations\1.17\animal-sniffer-annotations-1.17.jar;E:\maven_repository\commons-cli\commons-cli\1.2\commons-cli-1.2.jar;E:\maven_repository\org\apache\commons\commons-math3\3.1.1\commons-math3-3.1.1.jar;E:\maven_repository\org\apache\httpcomponents\httpclient\4.5.13\httpclient-4.5.13.jar;E:\maven_repository\org\apache\httpcomponents\httpcore\4.4.14\httpcore-4.4.14.jar;E:\maven_repository\commons-codec\commons-codec\1.14\commons-codec-1.14.jar;E:\maven_repository\commons-io\commons-io\2.5\commons-io-2.5.jar;E:\maven_repository\commons-net\commons-net\3.6\commons-net-3.6.jar;E:\maven_repository\commons-collections\commons-collections\3.2.2\commons-collections-3.2.2.jar;E:\maven_repository\org\eclipse\jetty\jetty-servlet\9.4.39.v20210325\jetty-servlet-9.4.39.v20210325.jar;E:\maven_repository\org\eclipse\jetty\jetty-security\9.4.39.v20210325\jetty-security-9.4.39.v20210325.jar;E:\maven_repository\org\eclipse\jetty\jetty-util-ajax\9.4.39.v20210325\jetty-util-ajax-9.4.39.v20210325.jar;E:\maven_repository\org\eclipse\jetty\jetty-webapp\9.4.39.v20210325\jetty-webapp-9.4.39.v20210325.jar;E:\maven_repository\org\eclipse\jetty\jetty-xml\9.4.39.v20210325\jetty-xml-9.4.39.v20210325.jar;E:\maven_repository\javax\servlet\jsp\jsp-api\2.1\jsp-api-2.1.jar;E:\maven_repository\com\sun\jersey\jersey-servlet\1.19\jersey-servlet-1.19.jar;E:\maven_repository\commons-logging\commons-logging\1.1.3\commons-logging-1.1.3.jar;E:\maven_repository\log4j\log4j\1.2.17\log4j-1.2.17.jar;E:\maven_repository\commons-lang\commons-lang\2.6\commons-lang-2.6.jar;E:\maven_repository\commons-beanutils\commons-beanutils\1.9.3\commons-beanutils-1.9.3.jar;E:\maven_repository\org\apache\commons\commons-configuration2\2.1.1\commons-configuration2-2.1.1.jar;E:\maven_repository\org\apache\commons\commons-lang3\3.10\commons-lang3-3.10.jar;E:\maven_repository\org\apache\avro\avro\1.7.7\avro-1.7.7.jar;E:\maven_repository\org\codehaus\jackson\jackson-core-asl\1.9.13\jackson-core-asl-1.9.13.jar;E:\maven_repository\org\codehaus\jackson\jackson-mapper-asl\1.9.13\jackson-mapper-asl-1.9.13.jar;E:\maven_repository\com\thoughtworks\paranamer\paranamer\2.3\paranamer-2.3.jar;E:\maven_repository\org\xerial\snappy\snappy-java\1.0.5\snappy-java-1.0.5.jar;E:\maven_repository\com\google\re2j\re2j\1.1\re2j-1.1.jar;E:\maven_repository\com\google\protobuf\protobuf-java\2.5.0\protobuf-java-2.5.0.jar;E:\maven_repository\com\google\code\gson\gson\2.8.6\gson-2.8.6.jar;E:\maven_repository\org\apache\hadoop\hadoop-auth\3.1.3\hadoop-auth-3.1.3.jar;E:\maven_repository\com\nimbusds\nimbus-jose-jwt\8.19\nimbus-jose-jwt-8.19.jar;E:\maven_repository\com\github\stephenc\jcip\jcip-annotations\1.0-1\jcip-annotations-1.0-1.jar;E:\maven_repository\org\apache\curator\curator-framework\2.13.0\curator-framework-2.13.0.jar;E:\maven_repository\org\apache\curator\curator-client\2.13.0\curator-client-2.13.0.jar;E:\maven_repository\org\apache\curator\curator-recipes\2.13.0\curator-recipes-2.13.0.jar;E:\maven_repository\com\google\code\findbugs\jsr305\3.0.0\jsr305-3.0.0.jar;E:\maven_repository\org\apache\htrace\htrace-core4\4.1.0-incubating\htrace-core4-4.1.0-incubating.jar;E:\maven_repository\org\apache\commons\commons-compress\1.18\commons-compress-1.18.jar;E:\maven_repository\org\apache\kerby\kerb-simplekdc\1.0.1\kerb-simplekdc-1.0.1.jar;E:\maven_repository\org\apache\kerby\kerb-client\1.0.1\kerb-client-1.0.1.jar;E:\maven_repository\org\apache\kerby\kerby-config\1.0.1\kerby-config-1.0.1.jar;E:\maven_repository\org\apache\kerby\kerb-core\1.0.1\kerb-core-1.0.1.jar;E:\maven_repository\org\apache\kerby\kerby-pkix\1.0.1\kerby-pkix-1.0.1.jar;E:\maven_repository\org\apache\kerby\kerby-asn1\1.0.1\kerby-asn1-1.0.1.jar;E:\maven_repository\org\apache\kerby\kerby-util\1.0.1\kerby-util-1.0.1.jar;E:\maven_repository\org\apache\kerby\kerb-common\1.0.1\kerb-common-1.0.1.jar;E:\maven_repository\org\apache\kerby\kerb-crypto\1.0.1\kerb-crypto-1.0.1.jar;E:\maven_repository\org\apache\kerby\kerb-util\1.0.1\kerb-util-1.0.1.jar;E:\maven_repository\org\apache\kerby\token-provider\1.0.1\token-provider-1.0.1.jar;E:\maven_repository\org\apache\kerby\kerb-admin\1.0.1\kerb-admin-1.0.1.jar;E:\maven_repository\org\apache\kerby\kerb-server\1.0.1\kerb-server-1.0.1.jar;E:\maven_repository\org\apache\kerby\kerb-identity\1.0.1\kerb-identity-1.0.1.jar;E:\maven_repository\org\apache\kerby\kerby-xdr\1.0.1\kerby-xdr-1.0.1.jar;E:\maven_repository\org\codehaus\woodstox\stax2-api\3.1.4\stax2-api-3.1.4.jar;E:\maven_repository\com\fasterxml\woodstox\woodstox-core\5.0.3\woodstox-core-5.0.3.jar;E:\maven_repository\org\apache\hadoop\hadoop-hdfs-client\3.1.3\hadoop-hdfs-client-3.1.3.jar;E:\maven_repository\com\squareup\okhttp\okhttp\2.7.5\okhttp-2.7.5.jar;E:\maven_repository\com\squareup\okio\okio\1.6.0\okio-1.6.0.jar;E:\maven_repository\com\fasterxml\jackson\core\jackson-annotations\2.11.4\jackson-annotations-2.11.4.jar;E:\maven_repository\org\apache\hadoop\hadoop-yarn-api\3.1.3\hadoop-yarn-api-3.1.3.jar;E:\maven_repository\javax\xml\bind\jaxb-api\2.3.1\jaxb-api-2.3.1.jar;E:\maven_repository\javax\activation\javax.activation-api\1.2.0\javax.activation-api-1.2.0.jar;E:\maven_repository\org\apache\hadoop\hadoop-yarn-client\3.1.3\hadoop-yarn-client-3.1.3.jar;E:\maven_repository\org\apache\hadoop\hadoop-mapreduce-client-core\3.1.3\hadoop-mapreduce-client-core-3.1.3.jar;E:\maven_repository\org\apache\hadoop\hadoop-yarn-common\3.1.3\hadoop-yarn-common-3.1.3.jar;E:\maven_repository\javax\servlet\javax.servlet-api\4.0.1\javax.servlet-api-4.0.1.jar;E:\maven_repository\org\eclipse\jetty\jetty-util\9.4.39.v20210325\jetty-util-9.4.39.v20210325.jar;E:\maven_repository\com\sun\jersey\jersey-core\1.19\jersey-core-1.19.jar;E:\maven_repository\javax\ws\rs\jsr311-api\1.1.1\jsr311-api-1.1.1.jar;E:\maven_repository\com\sun\jersey\jersey-client\1.19\jersey-client-1.19.jar;E:\maven_repository\com\fasterxml\jackson\module\jackson-module-jaxb-annotations\2.11.4\jackson-module-jaxb-annotations-2.11.4.jar;E:\maven_repository\com\fasterxml\jackson\jaxrs\jackson-jaxrs-json-provider\2.11.4\jackson-jaxrs-json-provider-2.11.4.jar;E:\maven_repository\com\fasterxml\jackson\jaxrs\jackson-jaxrs-base\2.11.4\jackson-jaxrs-base-2.11.4.jar;E:\maven_repository\org\apache\hadoop\hadoop-mapreduce-client-jobclient\3.1.3\hadoop-mapreduce-client-jobclient-3.1.3.jar;E:\maven_repository\org\apache\hadoop\hadoop-mapreduce-client-common\3.1.3\hadoop-mapreduce-client-common-3.1.3.jar;E:\maven_repository\org\apache\hadoop\hadoop-annotations\3.1.3\hadoop-annotations-3.1.3.jar;E:\maven_repository\org\projectlombok\lombok\1.18.20\lombok-1.18.20.jar;"/>
    <property name="sun.cpu.endian" value="little"/>
    <property name="user.home" value="C:\Users\86152"/>
    <property name="user.language" value="zh"/>
    <property name="java.specification.vendor" value="Oracle Corporation"/>
    <property name="java.version.date" value="2018-10-16"/>
    <property name="java.home" value="D:\JDK"/>
    <property name="file.separator" value="\"/>
    <property name="basedir" value="F:\workspace\DistributedMicroservices\bird-research\bird-hadoop"/>
    <property name="java.vm.compressedOopsMode" value="Zero based"/>
    <property name="line.separator" value="&#10;"/>
    <property name="java.specification.name" value="Java Platform API Specification"/>
    <property name="java.vm.specification.vendor" value="Oracle Corporation"/>
    <property name="java.awt.graphicsenv" value="sun.awt.Win32GraphicsEnvironment"/>
    <property name="surefire.real.class.path" value="C:\Users\86152\AppData\Local\Temp\surefire4989670662242500319\surefirebooter14966706334809152588.jar"/>
    <property name="user.script" value=""/>
    <property name="sun.management.compiler" value="HotSpot 64-Bit Tiered Compilers"/>
    <property name="java.runtime.version" value="11.0.1+13-LTS"/>
    <property name="user.name" value="86152"/>
    <property name="path.separator" value=";"/>
    <property name="os.version" value="10.0"/>
    <property name="java.runtime.name" value="Java(TM) SE Runtime Environment"/>
    <property name="file.encoding" value="GBK"/>
    <property name="java.vm.name" value="Java HotSpot(TM) 64-Bit Server VM"/>
    <property name="idea.version2020.1" value="true"/>
    <property name="java.vendor.version" value="18.9"/>
    <property name="localRepository" value="E:\maven_repository"/>
    <property name="java.vendor.url.bug" value="http://bugreport.java.com/bugreport/"/>
    <property name="java.io.tmpdir" value="C:\Users\86152\AppData\Local\Temp\"/>
    <property name="java.version" value="11.0.1"/>
    <property name="user.dir" value="F:\workspace\DistributedMicroservices\bird-research\bird-hadoop"/>
    <property name="os.arch" value="amd64"/>
    <property name="java.vm.specification.name" value="Java Virtual Machine Specification"/>
    <property name="java.awt.printerjob" value="sun.awt.windows.WPrinterJob"/>
    <property name="sun.os.patch.level" value=""/>
    <property name="java.library.path" value="D:\JDK\bin;C:\windows\Sun\Java\bin;C:\windows\system32;C:\windows;D:\Xftp6\;D:\Xshell6\;C:\windows\system32;C:\windows;C:\windows\System32\Wbem;C:\windows\System32\WindowsPowerShell\v1.0\;C:\windows\System32\OpenSSH\;D:\JDK\bin;D:\解压缩软件\Maven\apache-maven-3.5.2\bin;D:\N;deJs\;D:\ErLang\erl7.1\bin;C:\Program Files (x86)\NVIDIA Corporation\PhysX\Common;C:\Program Files\NVIDIA Corporation\NVIDIA NvDLISR;D:\Git\Git\cmd;D:\NodeJs\;C:\Users\86152\AppData\Local\Microsoft\WindowsApps;C:\Users\86152\AppData\Roaming\npm;."/>
    <property name="java.vendor" value="Oracle Corporation"/>
    <property name="java.vm.info" value="mixed mode"/>
    <property name="java.vm.version" value="11.0.1+13-LTS"/>
    <property name="sun.io.unicode.encoding" value="UnicodeLittle"/>
    <property name="java.class.version" value="55.0"/>
  </properties>
  <testcase name="test1" classname="HdfsTest" time="1.824"/>
  <testcase name="test2" classname="HdfsTest" time="0.027"/>
  <testcase name="test3" classname="HdfsTest" time="0.011"/>
</testsuite>